 Number of:
   test species =            4
   background species =            2
   materials =            1
   reactions =            8
   plasma-material interactions =            3
 Test species are:
           1 , geometry
           6 , atomic deuterium
          11 , molecular deuterium
          17 , molecular deuterium ion
 Background species are:
           2 , electron
           8 , deuterium ion
 Reference material indices are:
           1 , carbon
 Reference reaction indices are:
           3 , electron impact ionization of hydrogen J-R
          26 , deuterium charge exchange - Krstic data
          12 , molecular hydrogen dissociation
          14 , molecular hydrogen ionization
          15 , molecular hydrogen dissociative ionization
          18 , molecular hydrogen ion dissociative ionization
          16 , molecular hydrogen ion dissociation
          19 , molecular hydrogen ion dissociative recombination
 Reference PMI indices are:
          13 , hydrogen desorption from carbon
          14 , hydrogen molecule desorption from carbon
           2 , deuterium reflection (ruzic) on carbon
 * Setting up MICER geometry for fscope and spec

  Processing source group            1

  source            stratum  segment                              sector points
  segment  stratum  segment    iy    sector      x1    start    x3             x1     end     x3
     1        3       34        0        3   1.01741E+00   -6.47000E-01    1.01740E+00   -6.28000E-01
     2        3       35        0        5   1.01741E+00   -6.66000E-01    1.01741E+00   -6.47000E-01
     3        3       33        0        7   1.01740E+00   -6.28000E-01    1.01740E+00   -6.09000E-01
     4        3       37        0        9   1.01742E+00   -7.04000E-01    1.01741E+00   -6.85000E-01
     5        3       36        0       11   1.01741E+00   -6.85000E-01    1.01741E+00   -6.66000E-01
     6        3       38        0       13   1.01742E+00   -7.23000E-01    1.01742E+00   -7.04000E-01
     7        3       39        0       15   1.01742E+00   -7.42000E-01    1.01742E+00   -7.23000E-01
     8        3       27        0       17   1.01738E+00   -5.14000E-01    1.01738E+00   -4.95000E-01
     9        3       26        0       19   1.01738E+00   -4.95000E-01    1.01738E+00   -4.76000E-01
    10        3       28        0       21   1.01739E+00   -5.33000E-01    1.01738E+00   -5.14000E-01
    11        3       30        0       23   1.01739E+00   -5.71000E-01    1.01739E+00   -5.52000E-01
    12        3       29        0       25   1.01739E+00   -5.52000E-01    1.01739E+00   -5.33000E-01
    13        3       31        0       27   1.01740E+00   -5.90000E-01    1.01739E+00   -5.71000E-01
    14        3       32        0       29   1.01740E+00   -6.09000E-01    1.01740E+00   -5.90000E-01
    15        3       25        0       31   1.01738E+00   -4.76000E-01    1.01737E+00   -4.57000E-01
    16        3       47        0       33   1.01745E+00   -8.94000E-01    1.01744E+00   -8.75000E-01
    17        3       48        0       35   1.01745E+00   -9.13000E-01    1.01745E+00   -8.94000E-01
    18        3       53        0       37   1.01747E+00   -1.00800E+00    1.01746E+00   -9.89000E-01
    19        3       50        0       39   1.01746E+00   -9.51000E-01    1.01745E+00   -9.32000E-01
    20        3       51        0       41   1.01746E+00   -9.70000E-01    1.01746E+00   -9.51000E-01
    21        3       49        0       43   1.01745E+00   -9.32000E-01    1.01745E+00   -9.13000E-01
    22        3       42        0       45   1.01743E+00   -7.99000E-01    1.01743E+00   -7.80000E-01
    23        3       40        0       47   1.01743E+00   -7.61000E-01    1.01742E+00   -7.42000E-01
    24        3       41        0       49   1.01743E+00   -7.80000E-01    1.01743E+00   -7.61000E-01
    25        3       45        0       51   1.01744E+00   -8.56000E-01    1.01744E+00   -8.37000E-01
    26        3       43        0       53   1.01743E+00   -8.18000E-01    1.01743E+00   -7.99000E-01
    27        3       46        0       55   1.01744E+00   -8.75000E-01    1.01744E+00   -8.56000E-01
    28        3       44        0       57   1.01744E+00   -8.37000E-01    1.01743E+00   -8.18000E-01
    29        3       52        0       59   1.01746E+00   -9.89000E-01    1.01746E+00   -9.70000E-01
    30        3       54        0       61   1.01747E+00   -1.02700E+00    1.01747E+00   -1.00800E+00
    31        3        6        0       63   1.01732E+00   -1.15000E-01    1.01732E+00   -9.60000E-02
    32        3        8        0       65   1.01733E+00   -1.53000E-01    1.01732E+00   -1.34000E-01
    33        3       11        0       67   1.01733E+00   -2.10000E-01    1.01733E+00   -1.91000E-01
    34        3        9        0       69   1.01733E+00   -1.72000E-01    1.01733E+00   -1.53000E-01
    35        3       10        0       71   1.01733E+00   -1.91000E-01    1.01733E+00   -1.72000E-01
    36        3        7        0       73   1.01732E+00   -1.34000E-01    1.01732E+00   -1.15000E-01
    37        3        2        0       75   1.01731E+00   -3.90000E-02    1.01730E+00   -2.00000E-02
    38        3        0        0       77   1.01730E+00   -1.00000E-02    1.01730E+00    0.00000E+00
    39        3        1        0       79   1.01730E+00   -2.00000E-02    1.01730E+00   -1.00000E-02
    40        3        5        0       81   1.01732E+00   -9.60000E-02    1.01731E+00   -7.70000E-02
    41        3        4        0       83   1.01731E+00   -7.70000E-02    1.01731E+00   -5.80000E-02
    42        3        3        0       85   1.01731E+00   -5.80000E-02    1.01731E+00   -3.90000E-02
    43        3       12        0       87   1.01734E+00   -2.29000E-01    1.01733E+00   -2.10000E-01
    44        3       19        0       89   1.01736E+00   -3.62000E-01    1.01736E+00   -3.43000E-01
    45        3       16        0       91   1.01735E+00   -3.05000E-01    1.01735E+00   -2.86000E-01
    46        3       18        0       93   1.01736E+00   -3.43000E-01    1.01735E+00   -3.24000E-01
    47        3       22        0       95   1.01737E+00   -4.19000E-01    1.01737E+00   -4.00000E-01
    48        3       21        0       97   1.01737E+00   -4.00000E-01    1.01736E+00   -3.81000E-01
    49        3       23        0       99   1.01737E+00   -4.38000E-01    1.01737E+00   -4.19000E-01
    50        3       24        0      101   1.01737E+00   -4.57000E-01    1.01737E+00   -4.38000E-01
    51        3       14        0      103   1.01734E+00   -2.67000E-01    1.01734E+00   -2.48000E-01
    52        3       13        0      105   1.01734E+00   -2.48000E-01    1.01734E+00   -2.29000E-01
    53        3       15        0      107   1.01735E+00   -2.86000E-01    1.01734E+00   -2.67000E-01
    54        3      481        0      109   1.01736E+00    3.48730E-02    1.01740E+00    5.23090E-02
    55        3      480        0      111   1.01740E+00    5.23090E-02    1.01743E+00    6.97450E-02
    56        3      482        0      113   1.01733E+00    1.74360E-02    1.01736E+00    3.48730E-02
    57        3       17        0      115   1.01735E+00   -3.24000E-01    1.01735E+00   -3.05000E-01
    58        3       20        0      117   1.01736E+00   -3.81000E-01    1.01736E+00   -3.62000E-01
    59        3      479        0      119   1.01743E+00    6.97450E-02    1.01746E+00    8.71810E-02
    60        3       81        0      121   1.19654E+00   -1.35673E+00    1.18052E+00   -1.35783E+00
    61        3       82        0      123   1.21256E+00   -1.35563E+00    1.19654E+00   -1.35673E+00
    62        3       84        0      125   1.24460E+00   -1.35342E+00    1.22858E+00   -1.35452E+00
    63        3       85        0      127   1.26062E+00   -1.35231E+00    1.24460E+00   -1.35342E+00
    64        3       83        0      129   1.22858E+00   -1.35452E+00    1.21256E+00   -1.35563E+00
    65        3       86        0      131   1.27663E+00   -1.35120E+00    1.26062E+00   -1.35231E+00
    66        3       74        0      133   1.11893E+00   -1.30540E+00    1.10866E+00   -1.29666E+00
    67        3       72        0      135   1.09840E+00   -1.28792E+00    1.08813E+00   -1.27918E+00
    68        3       73        0      137   1.10866E+00   -1.29666E+00    1.09840E+00   -1.28792E+00
    69        3       79        0      139   1.17025E+00   -1.34909E+00    1.15999E+00   -1.34036E+00
    70        3       76        0      141   1.13946E+00   -1.32288E+00    1.12919E+00   -1.31414E+00
    71        3       77        0      143   1.14972E+00   -1.33162E+00    1.13946E+00   -1.32288E+00
    72        3       78        0      145   1.15999E+00   -1.34036E+00    1.14972E+00   -1.33162E+00
    73        3       80        0      147   1.18052E+00   -1.35783E+00    1.17025E+00   -1.34909E+00
    74        3       89        0      149   1.32469E+00   -1.34789E+00    1.30867E+00   -1.34899E+00
    75        3       88        0      151   1.30867E+00   -1.34899E+00    1.29265E+00   -1.35010E+00
    76        3       90        0      153   1.34071E+00   -1.34678E+00    1.32469E+00   -1.34789E+00
    77        3       93        0      155   1.38877E+00   -1.34347E+00    1.37275E+00   -1.34458E+00
    78        3       92        0      157   1.37275E+00   -1.34458E+00    1.35673E+00   -1.34568E+00
    79        3       87        0      159   1.29265E+00   -1.35010E+00    1.27663E+00   -1.35120E+00
    80        3      100        0      161   1.36851E+00   -1.31074E+00    1.37256E+00   -1.32470E+00
    81        3       99        0      163   1.37256E+00   -1.32470E+00    1.38634E+00   -1.32470E+00
    82        3      101        0      165   1.36842E+00   -1.29901E+00    1.36851E+00   -1.31074E+00
    83        3       98        0      167   1.38634E+00   -1.32470E+00    1.40013E+00   -1.32470E+00
    84        3       95        0      169   1.42081E+00   -1.34126E+00    1.40479E+00   -1.34237E+00
    85        3      102        0      171   1.36833E+00   -1.28728E+00    1.36842E+00   -1.29901E+00
    86        3       96        0      173   1.41392E+00   -1.32470E+00    1.42081E+00   -1.34126E+00
    87        3       97        0      175   1.40013E+00   -1.32470E+00    1.41392E+00   -1.32470E+00
    88        3       94        0      177   1.40479E+00   -1.34237E+00    1.38877E+00   -1.34347E+00
    89        3       91        0      179   1.35673E+00   -1.34568E+00    1.34071E+00   -1.34678E+00
    90        3       59        0      181   1.01748E+00   -1.12200E+00    1.01748E+00   -1.10300E+00
    91        3       61        0      183   1.01749E+00   -1.16000E+00    1.01749E+00   -1.14100E+00
    92        3       65        0      185   1.02654E+00   -1.22674E+00    1.01750E+00   -1.21700E+00
    93        3       62        0      187   1.01749E+00   -1.17900E+00    1.01749E+00   -1.16000E+00
    94        3       63        0      189   1.01750E+00   -1.19800E+00    1.01749E+00   -1.17900E+00
    95        3       64        0      191   1.01750E+00   -1.21700E+00    1.01750E+00   -1.19800E+00
    96        3       57        0      193   1.01748E+00   -1.08400E+00    1.01747E+00   -1.06500E+00
    97        3       55        0      195   1.01747E+00   -1.04600E+00    1.01747E+00   -1.02700E+00
    98        3       56        0      197   1.01747E+00   -1.06500E+00    1.01747E+00   -1.04600E+00
    99        3      477        0      199   1.01749E+00    1.04618E-01    1.01752E+00    1.22054E-01
   100        3      478        0      201   1.01746E+00    8.71810E-02    1.01749E+00    1.04618E-01
   101        3       58        0      203   1.01748E+00   -1.10300E+00    1.01748E+00   -1.08400E+00
   102        3       60        0      205   1.01749E+00   -1.14100E+00    1.01748E+00   -1.12200E+00
   103        3       70        0      207   1.07786E+00   -1.27044E+00    1.06760E+00   -1.26170E+00
   104        3       69        0      209   1.06760E+00   -1.26170E+00    1.05733E+00   -1.25296E+00
   105        3       71        0      211   1.08813E+00   -1.27918E+00    1.07786E+00   -1.27044E+00
   106        3      104        0      213   1.37885E+00   -1.26091E+00    1.36824E+00   -1.27555E+00
   107        3      103        0      215   1.36824E+00   -1.27555E+00    1.36833E+00   -1.28728E+00
   108        3      105        0      217   1.38815E+00   -1.25241E+00    1.37885E+00   -1.26091E+00
   109        3      106        0      219   1.40140E+00   -1.24649E+00    1.38815E+00   -1.25241E+00
   110        3       67        0      221   1.04707E+00   -1.24422E+00    1.03680E+00   -1.23548E+00
   111        3      107        0      223   1.41721E+00   -1.24476E+00    1.40140E+00   -1.24649E+00
   112        3      108        0      225   1.43325E+00   -1.24476E+00    1.41721E+00   -1.24476E+00
   113        3      109        0      227   1.44928E+00   -1.24475E+00    1.43325E+00   -1.24476E+00
   114        3      110        0      229   1.46532E+00   -1.24475E+00    1.44928E+00   -1.24475E+00
   115        3      111        0      231   1.48136E+00   -1.24474E+00    1.46532E+00   -1.24475E+00
   116        3       66        0      233   1.03680E+00   -1.23548E+00    1.02654E+00   -1.22674E+00
   117        3       68        0      235   1.05733E+00   -1.25296E+00    1.04707E+00   -1.24422E+00
   118        3      112        0      237   1.49740E+00   -1.24473E+00    1.48136E+00   -1.24474E+00
   119        3       75        0      239   1.12919E+00   -1.31414E+00    1.11893E+00   -1.30540E+00
   120        3      476        0      241   1.01752E+00    1.22054E-01    1.01755E+00    1.39490E-01
   121        3      474        0      243   1.01758E+00    1.56926E-01    1.01762E+00    1.74362E-01
   122        3      473        0      245   1.01762E+00    1.74362E-01    1.01765E+00    1.91799E-01
   123        3      472        0      247   1.01765E+00    1.91799E-01    1.01768E+00    2.09235E-01
   124        3      470        0      249   1.01771E+00    2.26671E-01    1.01774E+00    2.44107E-01
   125        3      471        0      251   1.01768E+00    2.09235E-01    1.01771E+00    2.26671E-01
   126        3      469        0      253   1.01774E+00    2.44107E-01    1.01777E+00    2.61544E-01
   127        3      467        0      255   1.01781E+00    2.78980E-01    1.01784E+00    2.96416E-01
   128        3      465        0      257   1.01787E+00    3.13852E-01    1.01790E+00    3.31289E-01
   129        3      466        0      259   1.01784E+00    2.96416E-01    1.01787E+00    3.13852E-01
   130        3      463        0      261   1.01793E+00    3.48725E-01    1.01796E+00    3.66161E-01
   131        3      461        0      263   1.01799E+00    3.83597E-01    1.01803E+00    4.01034E-01
   132        3      464        0      265   1.01790E+00    3.31289E-01    1.01793E+00    3.48725E-01
   133        3      468        0      267   1.01777E+00    2.61544E-01    1.01781E+00    2.78980E-01
   134        3      462        0      269   1.01796E+00    3.66161E-01    1.01799E+00    3.83597E-01
   135        3      458        0      271   1.01809E+00    4.35906E-01    1.01812E+00    4.53342E-01
   136        3      460        0      273   1.01803E+00    4.01034E-01    1.01806E+00    4.18470E-01
   137        3      456        0      275   1.01815E+00    4.70779E-01    1.01818E+00    4.88215E-01
   138        3      454        0      277   1.01822E+00    5.05651E-01    1.01825E+00    5.23087E-01
   139        3      455        0      279   1.01818E+00    4.88215E-01    1.01822E+00    5.05651E-01
   140        3      459        0      281   1.01806E+00    4.18470E-01    1.01809E+00    4.35906E-01
   141        3      452        0      283   1.01828E+00    5.40524E-01    1.01831E+00    5.57960E-01
   142        3      451        0      285   1.01831E+00    5.57960E-01    1.01834E+00    5.75396E-01
   143        3      450        0      287   1.01834E+00    5.75396E-01    1.01837E+00    5.92832E-01
   144        3      449        0      289   1.01837E+00    5.92832E-01    1.01841E+00    6.10269E-01
   145        3      447        0      291   1.01844E+00    6.27705E-01    1.01847E+00    6.45141E-01
   146        3      448        0      293   1.01841E+00    6.10269E-01    1.01844E+00    6.27705E-01
   147        3      446        0      295   1.01847E+00    6.45141E-01    1.01850E+00    6.62578E-01
   148        3      457        0      297   1.01812E+00    4.53342E-01    1.01815E+00    4.70779E-01
   149        3      453        0      299   1.01825E+00    5.23087E-01    1.01828E+00    5.40524E-01
   150        3      444        0      301   1.01853E+00    6.80014E-01    1.01856E+00    6.97450E-01
   151        3      443        0      303   1.01856E+00    6.97450E-01    1.01859E+00    7.14886E-01
   152        3      442        0      305   1.01859E+00    7.14886E-01    1.01863E+00    7.32323E-01
   153        3      440        0      307   1.01866E+00    7.49759E-01    1.01869E+00    7.67195E-01
   154        3      439        0      309   1.01869E+00    7.67195E-01    1.01872E+00    7.84631E-01
   155        3      441        0      311   1.01863E+00    7.32323E-01    1.01866E+00    7.49759E-01
   156        3      414        0      313   1.00501E+00    1.19596E+00    1.01570E+00    1.20417E+00
   157        3      415        0      315   1.00776E+00    1.17952E+00    1.00501E+00    1.19596E+00
   158        3      419        0      317   1.01728E+00    1.11454E+00    1.01528E+00    1.13060E+00
   159        3      417        0      319   1.01327E+00    1.14666E+00    1.01052E+00    1.16309E+00
   160        3      418        0      321   1.01528E+00    1.13060E+00    1.01327E+00    1.14666E+00
   161        3      416        0      323   1.01052E+00    1.16309E+00    1.00776E+00    1.17952E+00
   162        3      438        0      325   1.01872E+00    7.84631E-01    1.01875E+00    8.02068E-01
   163        3      445        0      327   1.01850E+00    6.62578E-01    1.01853E+00    6.80014E-01
   164        3      437        0      329   1.01875E+00    8.02068E-01    1.01878E+00    8.19504E-01
   165        3      434        0      331   1.01885E+00    8.54376E-01    1.01888E+00    8.71813E-01
   166        3      435        0      333   1.01882E+00    8.36940E-01    1.01885E+00    8.54376E-01
   167        3      432        0      335   1.01891E+00    8.89249E-01    1.01894E+00    9.06685E-01
   168        3      430        0      337   1.01897E+00    9.24121E-01    1.01900E+00    9.41558E-01
   169        3      433        0      339   1.01888E+00    8.71813E-01    1.01891E+00    8.89249E-01
   170        3      431        0      341   1.01894E+00    9.06685E-01    1.01897E+00    9.24121E-01
   171        3      428        0      343   1.01904E+00    9.58994E-01    1.01907E+00    9.76430E-01
   172        3      427        0      345   1.01907E+00    9.76430E-01    1.01910E+00    9.93866E-01
   173        3      426        0      347   1.01910E+00    9.93866E-01    1.01913E+00    1.01130E+00
   174        3      425        0      349   1.01913E+00    1.01130E+00    1.01916E+00    1.02874E+00
   175        3      423        0      351   1.01919E+00    1.04618E+00    1.01923E+00    1.06361E+00
   176        3      424        0      353   1.01916E+00    1.02874E+00    1.01919E+00    1.04618E+00
   177        3      429        0      355   1.01900E+00    9.41558E-01    1.01904E+00    9.58994E-01
   178        3      436        0      357   1.01878E+00    8.19504E-01    1.01882E+00    8.36940E-01
   179        3      422        0      359   1.01923E+00    1.06361E+00    1.01926E+00    1.08105E+00
   180        3      475        0      361   1.01755E+00    1.39490E-01    1.01758E+00    1.56926E-01
   181        3      420        0      363   1.01929E+00    1.09848E+00    1.01728E+00    1.11454E+00
   182        3      421        0      365   1.01926E+00    1.08105E+00    1.01929E+00    1.09848E+00
   183        3      410        0      367   1.03015E+00    1.17398E+00    1.03843E+00    1.16236E+00
   184        3      409        0      369   1.03843E+00    1.16236E+00    1.04983E+00    1.16296E+00
   185        3      407        0      371   1.06211E+00    1.16369E+00    1.07439E+00    1.16443E+00
   186        3      408        0      373   1.04983E+00    1.16296E+00    1.06211E+00    1.16369E+00
   187        3      406        0      375   1.07439E+00    1.16443E+00    1.08667E+00    1.16517E+00
   188        3      411        0      377   1.02534E+00    1.18405E+00    1.03015E+00    1.17398E+00
   189        3      405        0      379   1.08667E+00    1.16517E+00    1.09954E+00    1.16593E+00
   190        3      412        0      381   1.02052E+00    1.19411E+00    1.02534E+00    1.18405E+00
   191        3      404        0      383   1.09954E+00    1.16593E+00    1.11240E+00    1.16670E+00
   192        3      403        0      385   1.11240E+00    1.16670E+00    1.12527E+00    1.16747E+00
   193        3      402        0      387   1.12527E+00    1.16747E+00    1.14360E+00    1.17097E+00
   194        3      401        0      389   1.14360E+00    1.17097E+00    1.15522E+00    1.17497E+00
   195        3      398        0      391   1.17846E+00    1.18298E+00    1.19430E+00    1.19242E+00
   196        3      399        0      393   1.16684E+00    1.17898E+00    1.17846E+00    1.18298E+00
   197        3      360        0      395   1.39320E+00    1.16606E+00    1.40439E+00    1.16126E+00
   198        3      359        0      397   1.40439E+00    1.16126E+00    1.41514E+00    1.16201E+00
   199        3      362        0      399   1.37994E+00    1.18515E+00    1.38417E+00    1.17482E+00
   200        3      361        0      401   1.38417E+00    1.17482E+00    1.39320E+00    1.16606E+00
   201        3      358        0      403   1.41514E+00    1.16201E+00    1.43107E+00    1.17201E+00
   202        3      365        0      405   1.37061E+00    1.21686E+00    1.37147E+00    1.20581E+00
   203        3      364        0      407   1.37147E+00    1.20581E+00    1.37570E+00    1.19548E+00
   204        3      397        0      409   1.19430E+00    1.19242E+00    1.20343E+00    1.20056E+00
   205        3      357        0      411   1.43107E+00    1.17201E+00    1.44530E+00    1.18375E+00
   206        3      356        0      413   1.44530E+00    1.18375E+00    1.45953E+00    1.19550E+00
   207        3      363        0      415   1.37570E+00    1.19548E+00    1.37994E+00    1.18515E+00
   208        3      355        0      417   1.45953E+00    1.19550E+00    1.47377E+00    1.20725E+00
   209        3      400        0      419   1.15522E+00    1.17497E+00    1.16684E+00    1.17898E+00
   210        3      396        0      421   1.20343E+00    1.20056E+00    1.21256E+00    1.20870E+00
   211        3      395        0      423   1.21256E+00    1.20870E+00    1.22169E+00    1.21685E+00
   212        3      393        0      425   1.23054E+00    1.22774E+00    1.23817E+00    1.24239E+00
   213        3      394        0      427   1.22169E+00    1.21685E+00    1.23054E+00    1.22774E+00
   214        3      391        0      429   1.24581E+00    1.25704E+00    1.25344E+00    1.27169E+00
   215        3      390        0      431   1.25344E+00    1.27169E+00    1.26027E+00    1.28728E+00
   216        3      392        0      433   1.23817E+00    1.24239E+00    1.24581E+00    1.25704E+00
   217        3      389        0      435   1.26027E+00    1.28728E+00    1.26710E+00    1.30286E+00
   218        3      387        0      437   1.27393E+00    1.31845E+00    1.27735E+00    1.33328E+00
   219        3      388        0      439   1.26710E+00    1.30286E+00    1.27393E+00    1.31845E+00
   220        3      386        0      441   1.27735E+00    1.33328E+00    1.29066E+00    1.33699E+00
   221        3      384        0      443   1.30398E+00    1.34069E+00    1.31730E+00    1.34440E+00
   222        3      382        0      445   1.33007E+00    1.34479E+00    1.34285E+00    1.34517E+00
   223        3      381        0      447   1.34285E+00    1.34517E+00    1.35562E+00    1.34556E+00
   224        3      385        0      449   1.29066E+00    1.33699E+00    1.30398E+00    1.34069E+00
   225        3      369        0      451   1.37089E+00    1.26392E+00    1.36989E+00    1.25144E+00
   226        3      367        0      453   1.36889E+00    1.23895E+00    1.36975E+00    1.22791E+00
   227        3      368        0      455   1.36989E+00    1.25144E+00    1.36889E+00    1.23895E+00
   228        3      371        0      457   1.37636E+00    1.28873E+00    1.37189E+00    1.27641E+00
   229        3      370        0      459   1.37189E+00    1.27641E+00    1.37089E+00    1.26392E+00
   230        3      372        0      461   1.38084E+00    1.30104E+00    1.37636E+00    1.28873E+00
   231        3      366        0      463   1.36975E+00    1.22791E+00    1.37061E+00    1.21686E+00
   232        3      379        0      465   1.36839E+00    1.34595E+00    1.38116E+00    1.34633E+00
   233        3      378        0      467   1.38116E+00    1.34633E+00    1.39393E+00    1.34672E+00
   234        3      373        0      469   1.38531E+00    1.31336E+00    1.38084E+00    1.30104E+00
   235        3      374        0      471   1.39651E+00    1.31983E+00    1.38531E+00    1.31336E+00
   236        3      377        0      473   1.39393E+00    1.34672E+00    1.40671E+00    1.34710E+00
   237        3      376        0      475   1.40671E+00    1.34710E+00    1.41309E+00    1.32874E+00
   238        3      375        0      477   1.41309E+00    1.32874E+00    1.39651E+00    1.31983E+00
   239        3      380        0      479   1.35562E+00    1.34556E+00    1.36839E+00    1.34595E+00
   240        3      383        0      481   1.31730E+00    1.34440E+00    1.33007E+00    1.34479E+00
   241        3      413        0      483   1.01570E+00    1.20417E+00    1.02052E+00    1.19411E+00
   242        3      354        0      485   1.47377E+00    1.20725E+00    1.48488E+00    1.21763E+00
   243        3      114        0      487   1.52947E+00   -1.24472E+00    1.51343E+00   -1.24473E+00
   244        3      113        0      489   1.51343E+00   -1.24473E+00    1.49740E+00   -1.24473E+00
   245        3      117        0      491   1.57759E+00   -1.24470E+00    1.56155E+00   -1.24471E+00
   246        3      118        0      493   1.59362E+00   -1.24470E+00    1.57759E+00   -1.24470E+00
   247        3      119        0      495   1.60966E+00   -1.24469E+00    1.59362E+00   -1.24470E+00
   248        3      115        0      497   1.54551E+00   -1.24472E+00    1.52947E+00   -1.24472E+00
   249        3      121        0      499   1.64174E+00   -1.24468E+00    1.62570E+00   -1.24469E+00
   250        3      122        0      501   1.65777E+00   -1.24467E+00    1.64174E+00   -1.24468E+00
   251        3      120        0      503   1.62570E+00   -1.24469E+00    1.60966E+00   -1.24469E+00
   252        3      124        0      505   1.68292E+00   -1.24442E+00    1.67035E+00   -1.24455E+00
   253        3      125        0      507   1.69549E+00   -1.24430E+00    1.68292E+00   -1.24442E+00
   254        3      126        0      509   1.70807E+00   -1.24418E+00    1.69549E+00   -1.24430E+00
   255        3      123        0      511   1.67035E+00   -1.24455E+00    1.65777E+00   -1.24467E+00
   256        3      116        0      513   1.56155E+00   -1.24471E+00    1.54551E+00   -1.24472E+00
   257        3      128        0      515   1.73322E+00   -1.24392E+00    1.72064E+00   -1.24405E+00
   258        3      129        0      517   1.74579E+00   -1.24380E+00    1.73322E+00   -1.24392E+00
   259        3      132        0      519   1.75763E+00   -1.21796E+00    1.75141E+00   -1.22896E+00
   260        3      131        0      521   1.75141E+00   -1.22896E+00    1.74687E+00   -1.24048E+00
   261        3      130        0      523   1.74687E+00   -1.24048E+00    1.74579E+00   -1.24380E+00
   262        3      133        0      525   1.76385E+00   -1.20696E+00    1.75763E+00   -1.21796E+00
   263        3      134        0      527   1.77007E+00   -1.19596E+00    1.76385E+00   -1.20696E+00
   264        3      136        0      529   1.78252E+00   -1.17395E+00    1.77629E+00   -1.18495E+00
   265        3      137        0      531   1.78874E+00   -1.16295E+00    1.78252E+00   -1.17395E+00
   266        3      135        0      533   1.77629E+00   -1.18495E+00    1.77007E+00   -1.19596E+00
   267        3      139        0      535   1.80596E+00   -1.14495E+00    1.79496E+00   -1.15195E+00
   268        3      138        0      537   1.79496E+00   -1.15195E+00    1.78874E+00   -1.16295E+00
   269        3      141        0      539   1.82798E+00   -1.13095E+00    1.81697E+00   -1.13795E+00
   270        3      140        0      541   1.81697E+00   -1.13795E+00    1.80596E+00   -1.14495E+00
   271        3      142        0      543   1.83899E+00   -1.12395E+00    1.82798E+00   -1.13095E+00
   272        3      127        0      545   1.72064E+00   -1.24405E+00    1.70807E+00   -1.24418E+00
   273        3      143        0      547   1.84999E+00   -1.11695E+00    1.83899E+00   -1.12395E+00
   274        3      144        0      549   1.86100E+00   -1.10995E+00    1.84999E+00   -1.11695E+00
   275        3      145        0      551   1.87201E+00   -1.10295E+00    1.86100E+00   -1.10995E+00
   276        3      147        0      553   1.89402E+00   -1.08895E+00    1.88301E+00   -1.09595E+00
   277        3      148        0      555   1.90503E+00   -1.08194E+00    1.89402E+00   -1.08895E+00
   278        3      146        0      557   1.88301E+00   -1.09595E+00    1.87201E+00   -1.10295E+00
   279        3      150        0      559   1.92704E+00   -1.06794E+00    1.91603E+00   -1.07495E+00
   280        3      152        0      561   1.94906E+00   -1.05394E+00    1.93805E+00   -1.06094E+00
   281        3      151        0      563   1.93805E+00   -1.06094E+00    1.92704E+00   -1.06794E+00
   282        3      154        0      565   1.97107E+00   -1.03994E+00    1.96006E+00   -1.04694E+00
   283        3      156        0      567   1.99308E+00   -1.02594E+00    1.98208E+00   -1.03294E+00
   284        3      155        0      569   1.98208E+00   -1.03294E+00    1.97107E+00   -1.03994E+00
   285        3      149        0      571   1.91603E+00   -1.07495E+00    1.90503E+00   -1.08194E+00
   286        3      153        0      573   1.96006E+00   -1.04694E+00    1.94906E+00   -1.05394E+00
   287        3      158        0      575   2.01510E+00   -1.01194E+00    2.00409E+00   -1.01894E+00
   288        3      159        0      577   2.02611E+00   -1.00494E+00    2.01510E+00   -1.01194E+00
   289        3      157        0      579   2.00409E+00   -1.01894E+00    1.99308E+00   -1.02594E+00
   290        3      161        0      581   2.04812E+00   -9.90939E-01    2.03711E+00   -9.97940E-01
   291        3      163        0      583   2.07013E+00   -9.76938E-01    2.05913E+00   -9.83939E-01
   292        3      162        0      585   2.05913E+00   -9.83939E-01    2.04812E+00   -9.90939E-01
   293        3      160        0      587   2.03711E+00   -9.97940E-01    2.02611E+00   -1.00494E+00
   294        3      165        0      589   2.09215E+00   -9.62937E-01    2.08114E+00   -9.69938E-01
   295        3      167        0      591   2.11416E+00   -9.48936E-01    2.10316E+00   -9.55937E-01
   296        3      168        0      593   2.12517E+00   -9.41936E-01    2.11416E+00   -9.48936E-01
   297        3      171        0      595   2.14387E+00   -9.13171E-01    2.14002E+00   -9.24053E-01
   298        3      172        0      597   2.14772E+00   -9.02288E-01    2.14387E+00   -9.13171E-01
   299        3      170        0      599   2.14002E+00   -9.24053E-01    2.13618E+00   -9.34936E-01
   300        3      166        0      601   2.10316E+00   -9.55937E-01    2.09215E+00   -9.62937E-01
   301        3      169        0      603   2.13618E+00   -9.34936E-01    2.12517E+00   -9.41936E-01
   302        3      164        0      605   2.08114E+00   -9.69938E-01    2.07013E+00   -9.76938E-01
   303        3      176        0      607   2.16311E+00   -8.58758E-01    2.15926E+00   -8.69641E-01
   304        3      177        0      609   2.16695E+00   -8.47876E-01    2.16311E+00   -8.58758E-01
   305        3      178        0      611   2.17080E+00   -8.36993E-01    2.16695E+00   -8.47876E-01
   306        3      180        0      613   2.17849E+00   -8.15228E-01    2.17465E+00   -8.26111E-01
   307        3      179        0      615   2.17465E+00   -8.26111E-01    2.17080E+00   -8.36993E-01
   308        3      175        0      617   2.15926E+00   -8.69641E-01    2.15541E+00   -8.80523E-01
   309        3      181        0      619   2.18234E+00   -8.04346E-01    2.17849E+00   -8.15228E-01
   310        3      183        0      621   2.19003E+00   -7.82581E-01    2.18619E+00   -7.93463E-01
   311        3      182        0      623   2.18619E+00   -7.93463E-01    2.18234E+00   -8.04346E-01
   312        3      185        0      625   2.19388E+00   -7.53620E-01    2.19388E+00   -7.71698E-01
   313        3      186        0      627   2.20021E+00   -7.35950E-01    2.19388E+00   -7.53620E-01
   314        3      187        0      629   2.21080E+00   -7.36256E-01    2.20021E+00   -7.35950E-01
   315        3      184        0      631   2.19388E+00   -7.71698E-01    2.19003E+00   -7.82581E-01
   316        3      174        0      633   2.15541E+00   -8.80523E-01    2.15157E+00   -8.91406E-01
   317        3      189        0      635   2.21663E+00   -7.04551E-01    2.21490E+00   -7.18619E-01
   318        3      190        0      637   2.22273E+00   -6.94900E-01    2.21663E+00   -7.04551E-01
   319        3      191        0      639   2.22884E+00   -6.85249E-01    2.22273E+00   -6.94900E-01
   320        3      188        0      641   2.21490E+00   -7.18619E-01    2.21080E+00   -7.36256E-01
   321        3      192        0      643   2.23495E+00   -6.75598E-01    2.22884E+00   -6.85249E-01
   322        3      193        0      645   2.24656E+00   -6.66898E-01    2.23495E+00   -6.75598E-01
   323        3      194        0      647   2.25333E+00   -6.49498E-01    2.24656E+00   -6.66898E-01
   324        3      173        0      649   2.15157E+00   -8.91406E-01    2.14772E+00   -9.02288E-01
   325        3      195        0      651   2.26009E+00   -6.32099E-01    2.25333E+00   -6.49498E-01
   326        3      196        0      653   2.26686E+00   -6.14699E-01    2.26009E+00   -6.32099E-01
   327        3      197        0      655   2.27362E+00   -5.97299E-01    2.26686E+00   -6.14699E-01
   328        3      199        0      657   2.28715E+00   -5.62499E-01    2.28039E+00   -5.79899E-01
   329        3      201        0      659   2.30068E+00   -5.27700E-01    2.29392E+00   -5.45099E-01
   330        3      200        0      661   2.29392E+00   -5.45099E-01    2.28715E+00   -5.62499E-01
   331        3      198        0      663   2.28039E+00   -5.79899E-01    2.27362E+00   -5.97299E-01
   332        3      202        0      665   2.30745E+00   -5.10300E-01    2.30068E+00   -5.27700E-01
   333        3      203        0      667   2.31421E+00   -4.92900E-01    2.30745E+00   -5.10300E-01
   334        3      204        0      669   2.32097E+00   -4.75500E-01    2.31421E+00   -4.92900E-01
   335        3      206        0      671   2.33450E+00   -4.40700E-01    2.32774E+00   -4.58100E-01
   336        3      207        0      673   2.34127E+00   -4.23301E-01    2.33450E+00   -4.40700E-01
   337        3      205        0      675   2.32774E+00   -4.58100E-01    2.32097E+00   -4.75500E-01
   338        3      208        0      677   2.34803E+00   -4.05901E-01    2.34127E+00   -4.23301E-01
   339        3      209        0      679   2.34497E+00   -3.91197E-01    2.34803E+00   -4.05901E-01
   340        3      210        0      681   2.34531E+00   -3.71577E-01    2.34497E+00   -3.91197E-01
   341        3      211        0      683   2.34566E+00   -3.51956E-01    2.34531E+00   -3.71577E-01
   342        3      212        0      685   2.34601E+00   -3.32336E-01    2.34566E+00   -3.51956E-01
   343        3      214        0      687   2.34670E+00   -2.93095E-01    2.34636E+00   -3.12715E-01
   344        3      216        0      689   2.34740E+00   -2.53854E-01    2.34705E+00   -2.73474E-01
   345        3      217        0      691   2.34835E+00   -2.34989E-01    2.34740E+00   -2.53854E-01
   346        3      213        0      693   2.34636E+00   -3.12715E-01    2.34601E+00   -3.32336E-01
   347        3      215        0      695   2.34705E+00   -2.73474E-01    2.34670E+00   -2.93095E-01
   348        3      219        0      697   2.34849E+00   -1.95416E-01    2.34842E+00   -2.15203E-01
   349        3      218        0      699   2.34842E+00   -2.15203E-01    2.34835E+00   -2.34989E-01
   350        3      220        0      701   2.34855E+00   -1.75630E-01    2.34849E+00   -1.95416E-01
   351        3      222        0      703   2.34869E+00   -1.36056E-01    2.34862E+00   -1.55843E-01
   352        3      223        0      705   2.34876E+00   -1.16270E-01    2.34869E+00   -1.36056E-01
   353        3      221        0      707   2.34862E+00   -1.55843E-01    2.34855E+00   -1.75630E-01
   354        3      225        0      709   2.34890E+00   -7.66970E-02    2.34883E+00   -9.64830E-02
   355        3      227        0      711   2.34904E+00   -3.71230E-02    2.34897E+00   -5.69100E-02
   356        3      226        0      713   2.34897E+00   -5.69100E-02    2.34890E+00   -7.66970E-02
   357        3      228        0      715   2.34910E+00   -1.73370E-02    2.34904E+00   -3.71230E-02
   358        3      230        0      717   2.34924E+00    2.22370E-02    2.34917E+00    2.45000E-03
   359        3      231        0      719   2.34931E+00    4.20230E-02    2.34924E+00    2.22370E-02
   360        3      229        0      721   2.34917E+00    2.45000E-03    2.34910E+00   -1.73370E-02
   361        3      224        0      723   2.34883E+00   -9.64830E-02    2.34876E+00   -1.16270E-01
   362        3      232        0      725   2.34938E+00    6.18100E-02    2.34931E+00    4.20230E-02
   363        3      313        0      727   1.97547E+00    1.04754E+00    1.99290E+00    1.04543E+00
   364        3      312        0      729   1.99290E+00    1.04543E+00    2.01032E+00    1.04331E+00
   365        3      310        0      731   2.02775E+00    1.04120E+00    2.04190E+00    1.04221E+00
   366        3      311        0      733   2.01032E+00    1.04331E+00    2.02775E+00    1.04120E+00
   367        3      309        0      735   2.04190E+00    1.04221E+00    2.05803E+00    1.03159E+00
   368        3      315        0      737   1.94061E+00    1.05176E+00    1.95804E+00    1.04965E+00
   369        3      320        0      739   1.85347E+00    1.06232E+00    1.87090E+00    1.06021E+00
   370        3      322        0      741   1.81862E+00    1.06655E+00    1.83604E+00    1.06444E+00
   371        3      321        0      743   1.83604E+00    1.06444E+00    1.85347E+00    1.06232E+00
   372        3      316        0      745   1.92318E+00    1.05388E+00    1.94061E+00    1.05176E+00
   373        3      317        0      747   1.90576E+00    1.05599E+00    1.92318E+00    1.05388E+00
   374        3      318        0      749   1.88833E+00    1.05810E+00    1.90576E+00    1.05599E+00
   375        3      319        0      751   1.87090E+00    1.06021E+00    1.88833E+00    1.05810E+00
   376        3      314        0      753   1.95804E+00    1.04965E+00    1.97547E+00    1.04754E+00
   377        3      299        0      755   2.08627E+00    8.86902E-01    2.09051E+00    8.75408E-01
   378        3      300        0      757   2.08684E+00    9.04537E-01    2.08627E+00    8.86902E-01
   379        3      298        0      759   2.09051E+00    8.75408E-01    2.09476E+00    8.63915E-01
   380        3      295        0      761   2.10326E+00    8.40928E-01    2.10751E+00    8.29434E-01
   381        3      296        0      763   2.09901E+00    8.52421E-01    2.10326E+00    8.40928E-01
   382        3      294        0      765   2.10751E+00    8.29434E-01    2.11176E+00    8.17941E-01
   383        3      297        0      767   2.09476E+00    8.63915E-01    2.09901E+00    8.52421E-01
   384        3      301        0      769   2.08742E+00    9.22173E-01    2.08684E+00    9.04537E-01
   385        3      302        0      771   2.08799E+00    9.39808E-01    2.08742E+00    9.22173E-01
   386        3      303        0      773   2.08857E+00    9.57444E-01    2.08799E+00    9.39808E-01
   387        3      305        0      775   2.08972E+00    9.92715E-01    2.08915E+00    9.75079E-01
   388        3      304        0      777   2.08915E+00    9.75079E-01    2.08857E+00    9.57444E-01
   389        3      306        0      779   2.09030E+00    1.01035E+00    2.08972E+00    9.92715E-01
   390        3      307        0      781   2.07417E+00    1.02097E+00    2.09030E+00    1.01035E+00
   391        3      293        0      783   2.11176E+00    8.17941E-01    2.11600E+00    8.06448E-01
   392        3      308        0      785   2.05803E+00    1.03159E+00    2.07417E+00    1.02097E+00
   393        3      345        0      787   1.48169E+00    1.11592E+00    1.49105E+00    1.11275E+00
   394        3      346        0      789   1.48175E+00    1.13537E+00    1.48169E+00    1.11592E+00
   395        3      344        0      791   1.49105E+00    1.11275E+00    1.51023E+00    1.10879E+00
   396        3      341        0      793   1.53318E+00    1.10486E+00    1.54466E+00    1.10290E+00
   397        3      342        0      795   1.52171E+00    1.10683E+00    1.53318E+00    1.10486E+00
   398        3      343        0      797   1.51023E+00    1.10879E+00    1.52171E+00    1.10683E+00
   399        3      340        0      799   1.54466E+00    1.10290E+00    1.55613E+00    1.10093E+00
   400        3      347        0      801   1.48584E+00    1.14846E+00    1.48175E+00    1.13537E+00
   401        3      348        0      803   1.48994E+00    1.16156E+00    1.48584E+00    1.14846E+00
   402        3      350        0      805   1.49306E+00    1.18760E+00    1.49403E+00    1.17466E+00
   403        3      352        0      807   1.49110E+00    1.21349E+00    1.49208E+00    1.20054E+00
   404        3      351        0      809   1.49208E+00    1.20054E+00    1.49306E+00    1.18760E+00
   405        3      349        0      811   1.49403E+00    1.17466E+00    1.48994E+00    1.16156E+00
   406        3      323        0      813   1.80119E+00    1.06866E+00    1.81862E+00    1.06655E+00
   407        3      339        0      815   1.55613E+00    1.10093E+00    1.56761E+00    1.09897E+00
   408        3      328        0      817   1.71514E+00    1.07527E+00    1.73220E+00    1.07448E+00
   409        3      329        0      819   1.69807E+00    1.07607E+00    1.71514E+00    1.07527E+00
   410        3      325        0      821   1.76633E+00    1.07289E+00    1.78376E+00    1.07077E+00
   411        3      327        0      823   1.73220E+00    1.07448E+00    1.74927E+00    1.07368E+00
   412        3      324        0      825   1.78376E+00    1.07077E+00    1.80119E+00    1.06866E+00
   413        3      326        0      827   1.74927E+00    1.07368E+00    1.76633E+00    1.07289E+00
   414        3      336        0      829   1.59056E+00    1.09504E+00    1.60325E+00    1.08883E+00
   415        3      337        0      831   1.57908E+00    1.09701E+00    1.59056E+00    1.09504E+00
   416        3      331        0      833   1.66394E+00    1.07766E+00    1.68100E+00    1.07687E+00
   417        3      332        0      835   1.64687E+00    1.07846E+00    1.66394E+00    1.07766E+00
   418        3      333        0      837   1.62864E+00    1.07642E+00    1.64687E+00    1.07846E+00
   419        3      334        0      839   1.61595E+00    1.08263E+00    1.62864E+00    1.07642E+00
   420        3      335        0      841   1.60325E+00    1.08883E+00    1.61595E+00    1.08263E+00
   421        3      330        0      843   1.68100E+00    1.07687E+00    1.69807E+00    1.07607E+00
   422        3      338        0      845   1.56761E+00    1.09897E+00    1.57908E+00    1.09701E+00
   423        3      255        0      847   2.26308E+00    3.92053E-01    2.26695E+00    3.80915E-01
   424        3      254        0      849   2.26695E+00    3.80915E-01    2.27083E+00    3.69777E-01
   425        3      251        0      851   2.27858E+00    3.47502E-01    2.28245E+00    3.36365E-01
   426        3      252        0      853   2.27470E+00    3.58640E-01    2.27858E+00    3.47502E-01
   427        3      250        0      855   2.28245E+00    3.36365E-01    2.28633E+00    3.25227E-01
   428        3      253        0      857   2.27083E+00    3.69777E-01    2.27470E+00    3.58640E-01
   429        3      263        0      859   2.23358E+00    4.79371E-01    2.23670E+00    4.69125E-01
   430        3      261        0      861   2.23983E+00    4.58878E-01    2.24370E+00    4.47740E-01
   431        3      262        0      863   2.23670E+00    4.69125E-01    2.23983E+00    4.58878E-01
   432        3      260        0      865   2.24370E+00    4.47740E-01    2.24758E+00    4.36603E-01
   433        3      257        0      867   2.25533E+00    4.14328E-01    2.25920E+00    4.03190E-01
   434        3      258        0      869   2.25145E+00    4.25465E-01    2.25533E+00    4.14328E-01
   435        3      259        0      871   2.24758E+00    4.36603E-01    2.25145E+00    4.25465E-01
   436        3      256        0      873   2.25920E+00    4.03190E-01    2.26308E+00    3.92053E-01
   437        3      249        0      875   2.28633E+00    3.25227E-01    2.29020E+00    3.14090E-01
   438        3      238        0      877   2.34453E+00    1.72775E-01    2.34516E+00    1.54527E-01
   439        3      240        0      879   2.34328E+00    2.09271E-01    2.34391E+00    1.91023E-01
   440        3      235        0      881   2.34641E+00    1.18032E-01    2.34703E+00    9.97840E-02
   441        3      236        0      883   2.34578E+00    1.36279E-01    2.34641E+00    1.18032E-01
   442        3      233        0      885   2.34766E+00    8.15360E-02    2.34938E+00    6.18100E-02
   443        3      234        0      887   2.34703E+00    9.97840E-02    2.34766E+00    8.15360E-02
   444        3      237        0      889   2.34516E+00    1.54527E-01    2.34578E+00    1.36279E-01
   445        3      245        0      891   2.31151E+00    2.79680E-01    2.31704E+00    2.64593E-01
   446        3      246        0      893   2.29795E+00    2.91815E-01    2.31151E+00    2.79680E-01
   447        3      247        0      895   2.29408E+00    3.02952E-01    2.29795E+00    2.91815E-01
   448        3      248        0      897   2.29020E+00    3.14090E-01    2.29408E+00    3.02952E-01
   449        3      241        0      899   2.34012E+00    2.19873E-01    2.34328E+00    2.09271E-01
   450        3      242        0      901   2.32811E+00    2.34418E-01    2.34012E+00    2.19873E-01
   451        3      243        0      903   2.32258E+00    2.49505E-01    2.32811E+00    2.34418E-01
   452        3      244        0      905   2.31704E+00    2.64593E-01    2.32258E+00    2.49505E-01
   453        3      239        0      907   2.34391E+00    1.91023E-01    2.34453E+00    1.72775E-01
   454        3      282        0      909   2.15849E+00    6.91513E-01    2.16273E+00    6.80020E-01
   455        3      283        0      911   2.15424E+00    7.03007E-01    2.15849E+00    6.91513E-01
   456        3      278        0      913   2.17548E+00    6.45540E-01    2.17973E+00    6.34046E-01
   457        3      281        0      915   2.16273E+00    6.80020E-01    2.16698E+00    6.68526E-01
   458        3      279        0      917   2.17123E+00    6.57033E-01    2.17548E+00    6.45540E-01
   459        3      284        0      919   2.14999E+00    7.14500E-01    2.15424E+00    7.03007E-01
   460        3      289        0      921   2.12875E+00    7.71967E-01    2.13300E+00    7.60474E-01
   461        3      291        0      923   2.12025E+00    7.94954E-01    2.12450E+00    7.83461E-01
   462        3      290        0      925   2.12450E+00    7.83461E-01    2.12875E+00    7.71967E-01
   463        3      285        0      927   2.14574E+00    7.25994E-01    2.14999E+00    7.14500E-01
   464        3      287        0      929   2.13725E+00    7.48980E-01    2.14149E+00    7.37487E-01
   465        3      286        0      931   2.14149E+00    7.37487E-01    2.14574E+00    7.25994E-01
   466        3      288        0      933   2.13300E+00    7.60474E-01    2.13725E+00    7.48980E-01
   467        3      280        0      935   2.16698E+00    6.68526E-01    2.17123E+00    6.57033E-01
   468        3      268        0      937   2.21796E+00    5.30605E-01    2.22108E+00    5.20359E-01
   469        3      269        0      939   2.21371E+00    5.42099E-01    2.21796E+00    5.30605E-01
   470        3      264        0      941   2.23046E+00    4.89618E-01    2.23358E+00    4.79371E-01
   471        3      266        0      943   2.22421E+00    5.10112E-01    2.22733E+00    4.99865E-01
   472        3      265        0      945   2.22733E+00    4.99865E-01    2.23046E+00    4.89618E-01
   473        3      267        0      947   2.22108E+00    5.20359E-01    2.22421E+00    5.10112E-01
   474        3      275        0      949   2.18822E+00    6.11059E-01    2.19247E+00    5.99566E-01
   475        3      276        0      951   2.18398E+00    6.22553E-01    2.18822E+00    6.11059E-01
   476        3      274        0      953   2.19247E+00    5.99566E-01    2.19672E+00    5.88073E-01
   477        3      271        0      955   2.20522E+00    5.65086E-01    2.20946E+00    5.53592E-01
   478        3      273        0      957   2.19672E+00    5.88073E-01    2.20097E+00    5.76579E-01
   479        3      272        0      959   2.20097E+00    5.76579E-01    2.20522E+00    5.65086E-01
   480        3      270        0      961   2.20946E+00    5.53592E-01    2.21371E+00    5.42099E-01
   481        3      277        0      963   2.17973E+00    6.34046E-01    2.18398E+00    6.22553E-01
   482        3      292        0      965   2.11600E+00    8.06448E-01    2.12025E+00    7.94954E-01
   483        3      353        0      967   1.48488E+00    1.21763E+00    1.49110E+00    1.21349E+00
number of flight samples is  1000000
Recycling coefficient is  0.98
Wall material is  C
Wall temperature is  300.0
Running problemsetup...

Running definegeometry2d...

Running defineback...

Running tallysetup...

Running flighttest...

wavelength range 6.555e-07 6.563e-07
number of bins 250
